  Assembling MASMTest.asm...
MASMTest.asm(6): error A2013: .MODEL must precede this directive
MASMTest.asm(7): error A2034: must be in segment block
MASMTest.asm(9): error A2034: must be in segment block : main
MASMTest.asm(10): error A2034: must be in segment block
MASMTest.asm(11): error A2034: must be in segment block
MASMTest.asm(12): error A2034: must be in segment block
MASMTest.asm(13): error A2034: must be in segment block
MASMTest.asm(14): error A2034: must be in segment block
MASMTest.asm(15): error A2034: must be in segment block
MASMTest.asm(16): error A2034: must be in segment block
MASMTest.asm(17): error A2034: must be in segment block
MASMTest.asm(18): error A2034: must be in segment block
MASMTest.asm(19): error A2034: must be in segment block
MASMTest.asm(20): error A2034: must be in segment block
MASMTest.asm(21): fatal error A1010: unmatched block nesting : main
W:\Programs\MVS 2022\MSBuild\Microsoft\VC\v170\BuildCustomizations\masm.targets(70,5): error MSB3721: выход из команды "ml.exe /c /nologo /Zi /Fo"TestAssembly\Debug\MASMTest.obj" /W3 /errorReport:prompt  /TaMASMTest.asm" с кодом "1".
